4/3/2015 2:27:17 AM にビルドを開始しました。
     1>ノード 2 上のプロジェクト "C:\Users\Kaya\documents\visual studio 2010\Projects\Cs47Project2\Cs47Project2\Cs47Project2.vcxproj" (build ターゲット)。
     1>InitializeBuildStatus:
         "AlwaysCreate" が指定されたため "Debug\Cs47Project2.unsuccessfulbuild" を作成しています。
       ClCompile:
         すべての出力が最新のものです。
         c:\Program Files\Microsoft Visual Studio 10.0\VC\bin\CL.exe /c /ZI /nologo /W3 /WX- /Od /Oy- /D WIN32 /D _DEBUG /D _CONSOLE /D _UNICODE /D UNICODE /Gm /EHsc /RTC1 /MDd /GS /fp:precise /Zc:wchar_t /Zc:forScope /Yu"StdAfx.h" /Fp"Debug\Cs47Project2.pch" /Fo"Debug\\" /Fd"Debug\vc100.pdb" /Gd /TP /analyze- /errorReport:prompt Cs47Project2.cpp
         Cs47Project2.cpp
     1>c:\users\kaya\documents\visual studio 2010\projects\cs47project2\cs47project2\cs47project2.cpp(86): warning C4101: 'fptr' : ローカル変数は 1 度も使われていません。
     1>c:\users\kaya\documents\visual studio 2010\projects\cs47project2\cs47project2\cs47project2.cpp(85): warning C4101: 'asc' : ローカル変数は 1 度も使われていません。
     1>c:\users\kaya\documents\visual studio 2010\projects\cs47project2\cs47project2\cs47project2.cpp(85): warning C4101: 'numlist' : ローカル変数は 1 度も使われていません。
       ManifestResourceCompile:
         すべての出力が最新のものです。
       Link:
         c:\Program Files\Microsoft Visual Studio 10.0\VC\bin\link.exe /ERRORREPORT:PROMPT /OUT:"C:\Users\Kaya\documents\visual studio 2010\Projects\Cs47Project2\Debug\Cs47Project2.exe" /INCREMENTAL /NOLOGO kernel32.lib user32.lib gdi32.lib winspool.lib comdlg32.lib advapi32.lib shell32.lib ole32.lib oleaut32.lib uuid.lib odbc32.lib odbccp32.lib /MANIFEST /ManifestFile:"Debug\Cs47Project2.exe.intermediate.manifest" /MANIFESTUAC:"level='asInvoker' uiAccess='false'" /DEBUG /PDB:"C:\Users\Kaya\documents\visual studio 2010\Projects\Cs47Project2\Debug\Cs47Project2.pdb" /SUBSYSTEM:CONSOLE /TLBID:1 /DYNAMICBASE /NXCOMPAT /IMPLIB:"C:\Users\Kaya\documents\visual studio 2010\Projects\Cs47Project2\Debug\Cs47Project2.lib" /MACHINE:X86 Debug\Cs47Project2.exe.embed.manifest.res
         Debug\Cs47Project2.obj
         Debug\stdafx.obj
       Manifest:
         C:\Program Files\Microsoft SDKs\Windows\v7.0A\bin\mt.exe /nologo /verbose /out:"Debug\Cs47Project2.exe.embed.manifest" /manifest Debug\Cs47Project2.exe.intermediate.manifest
         すべての出力が最新のものです。
       LinkEmbedManifest:
         すべての出力が最新のものです。
         Cs47Project2.vcxproj -> C:\Users\Kaya\documents\visual studio 2010\Projects\Cs47Project2\Debug\Cs47Project2.exe
       FinalizeBuildStatus:
         ファイル "Debug\Cs47Project2.unsuccessfulbuild" を削除しています。
         "Debug\Cs47Project2.lastbuildstate" のタッチ タスクを実行しています。
     1>プロジェクト "C:\Users\Kaya\documents\visual studio 2010\Projects\Cs47Project2\Cs47Project2\Cs47Project2.vcxproj" (build ターゲット) のビルドが完了しました。

ビルドに成功しました。

経過時間 00:00:01.14
